Unity Editor version:    6000.1.2f1 (8e2281df4c52)
Branch:                  6000.1/staging
Build type:              Release
Batch mode:              YES
System name:             Linux
Distro version:          #1 SMP PREEMPT_DYNAMIC Fri May  2 14:16:46 UTC 2025
Kernel version:          6.14.5-300.fc42.x86_64
Architecture:            x86_64
Window Protocol:         Wayland (XWayland)
Available memory:        23764 MB
Date:                    2025-05-09T17:37:33Z
Using pre-set license
Pro License: YES
Selected window backend: (null) 
Desktop is 4224 x 1296 @ 60 Hz
Initialize udev device monitor.

COMMAND LINE ARGUMENTS:
Unity
-adb2
-batchMode
-noUpm
-name
AssetImportWorker1
-projectPath
/mnt/nvme0n1p5/Documents/UET/Semester II - 2025/CacVD/ChemistryARProject-fork
-logFile
Logs/AssetImportWorker1.log
-srvPort
34795
-job-worker-count
3
-background-job-worker-count
8
-gc-helper-count
1
Successfully changed project path to: /mnt/nvme0n1p5/Documents/UET/Semester II - 2025/CacVD/ChemistryARProject-fork

(Unity:20233): Gtk-CRITICAL **: 00:37:33.536: gtk_label_set_text: assertion 'GTK_IS_LABEL (label)' failed

(Unity:20233): Gtk-CRITICAL **: 00:37:33.537: gtk_label_set_text: assertion 'GTK_IS_LABEL (label)' failed
/mnt/nvme0n1p5/Documents/UET/Semester II - 2025/CacVD/ChemistryARProject-fork
[UnityMemory] Configuration Parameters - Can be set up in boot.config
    "memorysetup-allocator-temp-initial-block-size-main=262144"
    "memorysetup-allocator-temp-initial-block-size-worker=262144"
    "memorysetup-bucket-allocator-granularity=16"
    "memorysetup-bucket-allocator-bucket-count=8"
    "memorysetup-bucket-allocator-block-size=33554432"
    "memorysetup-bucket-allocator-block-count=8"
    "memorysetup-main-allocator-block-size=16777216"
    "memorysetup-thread-allocator-block-size=16777216"
    "memorysetup-gfx-main-allocator-block-size=16777216"
    "memorysetup-gfx-thread-allocator-block-size=16777216"
    "memorysetup-cache-allocator-block-size=4194304"
    "memorysetup-typetree-allocator-block-size=2097152"
    "memorysetup-profiler-bucket-allocator-granularity=16"
    "memorysetup-profiler-bucket-allocator-bucket-count=8"
    "memorysetup-profiler-bucket-allocator-block-size=33554432"
    "memorysetup-profiler-bucket-allocator-block-count=8"
    "memorysetup-profiler-allocator-block-size=16777216"
    "memorysetup-profiler-editor-allocator-block-size=1048576"
    "memorysetup-temp-allocator-size-main=16777216"
    "memorysetup-job-temp-allocator-block-size=2097152"
    "memorysetup-job-temp-allocator-block-size-background=1048576"
    "memorysetup-job-temp-allocator-reduction-small-platforms=262144"
    "memorysetup-temp-allocator-size-background-worker=32768"
    "memorysetup-temp-allocator-size-job-worker=262144"
    "memorysetup-temp-allocator-size-preload-manager=33554432"
    "memorysetup-temp-allocator-size-nav-mesh-worker=65536"
    "memorysetup-temp-allocator-size-audio-worker=65536"
    "memorysetup-temp-allocator-size-cloud-worker=32768"
    "memorysetup-temp-allocator-size-gi-baking-worker=262144"
    "memorysetup-temp-allocator-size-gi-baking-worker=262144"
    "memorysetup-temp-allocator-size-gi-baking-worker=262144"
    "memorysetup-temp-allocator-size-gi-baking-worker=262144"
    "memorysetup-temp-allocator-size-gi-baking-worker=262144"
    "memorysetup-temp-allocator-size-gfx=262144"
Player connection [140077784196480]  Target information:

Player connection [140077784196480]  * "[IP] 192.168.2.47 [Port] 0 [Flags] 2 [Guid] 2253858324 [EditorId] 2253858324 [Version] 1048832 [Id] LinuxEditor(16,172.16.0.2) [Debug] 1 [PackageName] LinuxEditor [ProjectName] Editor" 

Player connection [140077784196480]  * "[IP] 172.17.0.1 [Port] 0 [Flags] 2 [Guid] 2253858324 [EditorId] 2253858324 [Version] 1048832 [Id] LinuxEditor(16,172.16.0.2) [Debug] 1 [PackageName] LinuxEditor [ProjectName] Editor" 

Player connection [140077784196480]  * "[IP] 172.16.0.2 [Port] 0 [Flags] 2 [Guid] 2253858324 [EditorId] 2253858324 [Version] 1048832 [Id] LinuxEditor(16,172.16.0.2) [Debug] 1 [PackageName] LinuxEditor [ProjectName] Editor" 

Player connection [140077784196480] Host joined multi-casting on [225.0.0.222:54997]...
Player connection [140077784196480] Host joined alternative multi-casting on [225.0.0.222:34997]...
JobSystem: Creating JobQueue using job-worker-count value 3
Input System module state changed to: Initialized.
[Physics::Module] Initialized fallback backend.
[Physics::Module] Id: 0xdecafbad
Library Redirect Path: Library/
[Physics::Module] Selected backend.
[Physics::Module] Name: PhysX
[Physics::Module] Id: 0xf2b8ea05
[Physics::Module] SDK Version: 4.1.2
[Physics::Module] Integration Version: 1.0.0
[Physics::Module] Threading Mode: Multi-Threaded
Refreshing native plugins compatible for Editor in 5.24 ms, found 1 plugins.
Preloading 0 native plugins for Editor in 0.00 ms.
Initialize engine version: 6000.1.2f1 (8e2281df4c52)
[Subsystems] Discovering subsystems at path /mnt/nvme0n1p5/Unity Editor/6000.1.2f1/Editor/Data/Resources/UnitySubsystems
[Subsystems] Discovering subsystems at path /mnt/nvme0n1p5/Documents/UET/Semester II - 2025/CacVD/ChemistryARProject-fork/Assets
kGfxThreadingModeNonThreaded is not supported on OpenGL Core. Reverting to kGfxThreadingModeDirect instead.
GfxDevice: creating device client; kGfxThreadingModeDirect
GLX Extensions: GLX_ARB_context_flush_control GLX_ARB_create_context GLX_ARB_create_context_no_error GLX_ARB_create_context_profile GLX_ARB_create_context_robustness GLX_ARB_fbconfig_float GLX_ARB_framebuffer_sRGB GLX_ARB_get_proc_address GLX_ARB_multisample GLX_EXT_buffer_age GLX_EXT_create_context_es2_profile GLX_EXT_create_context_es_profile GLX_EXT_fbconfig_packed_float GLX_EXT_framebuffer_sRGB GLX_EXT_no_config_context GLX_EXT_swap_control GLX_EXT_swap_control_tear GLX_EXT_texture_from_pixmap GLX_EXT_visual_info GLX_EXT_visual_rating GLX_MESA_copy_sub_buffer GLX_MESA_gl_interop GLX_MESA_query_renderer GLX_MESA_swap_control GLX_OML_sync_control GLX_SGIS_multisample GLX_SGIX_fbconfig GLX_SGIX_pbuffer GLX_SGIX_visual_select_group GLX_SGI_make_current_read GLX_SGI_video_sync 
Renderer: Mesa Intel(R) UHD Graphics 620 (KBL GT2)
Vendor:   Intel
Version:  4.6 (Core Profile) Mesa 25.0.4
GLES:     0
 GL_3DFX_texture_compression_FXT1 GL_AMD_conservative_depth GL_AMD_depth_clamp_separate GL_AMD_draw_buffers_blend GL_AMD_gpu_shader_int64 GL_AMD_multi_draw_indirect GL_AMD_performance_monitor GL_AMD_pinned_memory GL_AMD_query_buffer_object GL_AMD_seamless_cubemap_per_texture GL_AMD_shader_stencil_export GL_AMD_shader_trinary_minmax GL_AMD_texture_texture4 GL_AMD_vertex_shader_layer GL_AMD_vertex_shader_viewport_index GL_ANGLE_texture_compression_dxt3 GL_ANGLE_texture_compression_dxt5 GL_ARB_ES2_compatibility GL_ARB_ES3_1_compatibility GL_ARB_ES3_2_compatibility GL_ARB_ES3_compatibility GL_ARB_arrays_of_arrays GL_ARB_base_instance GL_ARB_blend_func_extended GL_ARB_buffer_storage GL_ARB_clear_buffer_object GL_ARB_clear_texture GL_ARB_clip_control GL_ARB_compressed_texture_pixel_storage GL_ARB_compute_shader GL_ARB_compute_variable_group_size GL_ARB_conditional_render_inverted GL_ARB_conservative_depth GL_ARB_copy_buffer GL_ARB_copy_image GL_ARB_cull_distance GL_ARB_debug_output GL_ARB_depth_buffer_float GL_ARB
_depth_clamp GL_ARB_derivative_control GL_ARB_direct_state_access GL_ARB_draw_buffers GL_ARB_draw_buffers_blend GL_ARB_draw_elements_base_vertex GL_ARB_draw_indirect GL_ARB_draw_instanced GL_ARB_enhanced_layouts GL_ARB_explicit_attrib_location GL_ARB_explicit_uniform_location GL_ARB_fragment_coord_conventions GL_ARB_fragment_layer_viewport GL_ARB_fragment_shader GL_ARB_fragment_shader_interlock GL_ARB_framebuffer_no_attachments GL_ARB_framebuffer_object GL_ARB_framebuffer_sRGB GL_ARB_get_program_binary GL_ARB_get_texture_sub_image GL_ARB_gl_spirv GL_ARB_gpu_shader5 GL_ARB_gpu_shader_fp64 GL_ARB_gpu_shader_int64 GL_ARB_half_float_pixel GL_ARB_half_float_vertex GL_ARB_indirect_parameters GL_ARB_instanced_arrays GL_ARB_internalformat_query GL_ARB_internalformat_query2 GL_ARB_invalidate_subdata GL_ARB_map_buffer_alignment GL_ARB_map_buffer_range GL_ARB_multi_bind GL_ARB_multi_draw_indirect GL_ARB_occlusion_query2 GL_ARB_parallel_shader_compile GL_ARB_pipeline_statistics_query GL_ARB_pixel_buffer_object GL_ARB_po
int_sprite GL_ARB_polygon_offset_clamp GL_ARB_post_depth_coverage GL_ARB_program_interface_query GL_ARB_provoking_vertex GL_ARB_query_buffer_object GL_ARB_robust_buffer_access_behavior GL_ARB_robustness GL_ARB_sample_shading GL_ARB_sampler_objects GL_ARB_seamless_cube_map GL_ARB_seamless_cubemap_per_texture GL_ARB_separate_shader_objects GL_ARB_shader_atomic_counter_ops GL_ARB_shader_atomic_counters GL_ARB_shader_ballot GL_ARB_shader_bit_encoding GL_ARB_shader_clock GL_ARB_shader_draw_parameters GL_ARB_shader_group_vote GL_ARB_shader_image_load_store GL_ARB_shader_image_size GL_ARB_shader_objects GL_ARB_shader_precision GL_ARB_shader_stencil_export GL_ARB_shader_storage_buffer_object GL_ARB_shader_subroutine GL_ARB_shader_texture_image_samples GL_ARB_shader_texture_lod GL_ARB_shader_viewport_layer_array GL_ARB_shading_language_420pack GL_ARB_shading_language_include GL_ARB_shading_language_packing GL_ARB_spirv_extensions GL_ARB_stencil_texturing GL_ARB_sync GL_ARB_tessellation_shader GL_ARB_texture_barrier G
L_ARB_texture_border_clamp GL_ARB_texture_buffer_object GL_ARB_texture_buffer_object_rgb32 GL_ARB_texture_buffer_range GL_ARB_texture_compression_bptc GL_ARB_texture_compression_rgtc GL_ARB_texture_cube_map_array GL_ARB_texture_filter_anisotropic GL_ARB_texture_float GL_ARB_texture_gather GL_ARB_texture_mirror_clamp_to_edge GL_ARB_texture_multisample GL_ARB_texture_non_power_of_two GL_ARB_texture_query_levels GL_ARB_texture_query_lod GL_ARB_texture_rectangle GL_ARB_texture_rg GL_ARB_texture_rgb10_a2ui GL_ARB_texture_stencil8 GL_ARB_texture_storage GL_ARB_texture_storage_multisample GL_ARB_texture_swizzle GL_ARB_texture_view GL_ARB_timer_query GL_ARB_transform_feedback2 GL_ARB_transform_feedback3 GL_ARB_transform_feedback_instanced GL_ARB_transform_feedback_overflow_query GL_ARB_uniform_buffer_object GL_ARB_vertex_array_bgra GL_ARB_vertex_array_object GL_ARB_vertex_attrib_64bit GL_ARB_vertex_attrib_binding GL_ARB_vertex_buffer_object GL_ARB_vertex_shader GL_ARB_vertex_type_10f_11f_11f_rev GL_ARB_vertex_type_2
_10_10_10_rev GL_ARB_viewport_array GL_ATI_blend_equation_separate GL_ATI_texture_float GL_EXT_EGL_image_storage GL_EXT_EGL_image_storage_compression GL_EXT_EGL_sync GL_EXT_abgr GL_EXT_blend_equation_separate GL_EXT_debug_label GL_EXT_demote_to_helper_invocation GL_EXT_draw_buffers2 GL_EXT_draw_instanced GL_EXT_framebuffer_blit GL_EXT_framebuffer_multisample GL_EXT_framebuffer_multisample_blit_scaled GL_EXT_framebuffer_object GL_EXT_framebuffer_sRGB GL_EXT_memory_object GL_EXT_memory_object_fd GL_EXT_packed_depth_stencil GL_EXT_packed_float GL_EXT_pixel_buffer_object GL_EXT_polygon_offset_clamp GL_EXT_provoking_vertex GL_EXT_semaphore GL_EXT_semaphore_fd GL_EXT_shader_framebuffer_fetch GL_EXT_shader_framebuffer_fetch_non_coherent GL_EXT_shader_integer_mix GL_EXT_shader_samples_identical GL_EXT_texture_array GL_EXT_texture_compression_dxt1 GL_EXT_texture_compression_rgtc GL_EXT_texture_compression_s3tc GL_EXT_texture_filter_anisotropic GL_EXT_texture_integer GL_EXT_texture_sRGB GL_EXT_texture_sRGB_R8 GL_EXT_t
exture_sRGB_decode GL_EXT_texture_shadow_lod GL_EXT_texture_shared_exponent GL_EXT_texture_snorm GL_EXT_texture_storage GL_EXT_texture_swizzle GL_EXT_timer_query GL_EXT_transform_feedback GL_EXT_vertex_array_bgra GL_EXT_vertex_attrib_64bit GL_IBM_multimode_draw_arrays GL_INTEL_blackhole_render GL_INTEL_conservative_rasterization GL_INTEL_performance_query GL_INTEL_shader_atomic_float_minmax GL_INTEL_shader_integer_functions2 GL_KHR_blend_equation_advanced GL_KHR_blend_equation_advanced_coherent GL_KHR_context_flush_control GL_KHR_debug GL_KHR_no_error GL_KHR_parallel_shader_compile GL_KHR_robust_buffer_access_behavior GL_KHR_robustness GL_KHR_texture_compression_astc_ldr GL_KHR_texture_compression_astc_sliced_3d GL_MESA_framebuffer_flip_y GL_MESA_pack_invert GL_MESA_shader_integer_functions GL_MESA_texture_const_bandwidth GL_MESA_texture_signed_rgba GL_NV_alpha_to_coverage_dither_control GL_NV_compute_shader_derivatives GL_NV_conditional_render GL_NV_copy_image GL_NV_depth_clamp GL_NV_fragment_shader_interlo
ck GL_NV_packed_depth_stencil GL_NV_texture_barrier GL_OES_EGL_image GL_S3_s3tc
OPENGL LOG: Creating OpenGL 4.6 graphics device ; Context level  <OpenGL 4.5> ; Context handle 1307190192
Initialize mono
Mono path[0] = '/mnt/nvme0n1p5/Unity Editor/6000.1.2f1/Editor/Data/Managed'
Mono path[1] = '/mnt/nvme0n1p5/Unity Editor/6000.1.2f1/Editor/Data/MonoBleedingEdge/lib/mono/unityjit-linux'
Mono config path = '/mnt/nvme0n1p5/Unity Editor/6000.1.2f1/Editor/Data/MonoBleedingEdge/etc'
Using monoOptions --debugger-agent=transport=dt_socket,embedding=1,server=y,suspend=n,address=127.0.0.1:56233
Begin MonoManager ReloadAssembly
Registering precompiled unity dll's ...
Register platform support module: /mnt/nvme0n1p5/Unity Editor/6000.1.2f1/Editor/Data/PlaybackEngines/WebGLSupport/UnityEditor.WebGL.Extensions.dll
Register platform support module: /mnt/nvme0n1p5/Unity Editor/6000.1.2f1/Editor/Data/PlaybackEngines/LinuxStandaloneSupport/UnityEditor.LinuxStandalone.Extensions.dll
Registered in 0.005050 seconds.
- Loaded All Assemblies, in  1.042 seconds
Native extension for LinuxStandalone target not found
Native extension for WebGL target not found
Mono: successfully reloaded assembly
- Finished resetting the current domain, in  1.270 seconds
Domain Reload Profiling: 2311ms
	BeginReloadAssembly (227ms)
		ExecutionOrderSort (0ms)
		DisableScriptedObjects (0ms)
		BackupInstance (0ms)
		ReleaseScriptingObjects (0ms)
		CreateAndSetChildDomain (3ms)
	RebuildCommonClasses (122ms)
	RebuildNativeTypeToScriptingClass (40ms)
	initialDomainReloadingComplete (182ms)
	LoadAllAssembliesAndSetupDomain (469ms)
		LoadAssemblies (224ms)
		RebuildTransferFunctionScriptingTraits (0ms)
		AnalyzeDomain (461ms)
			TypeCache.Refresh (458ms)
				TypeCache.ScanAssembly (422ms)
			BuildScriptInfoCaches (0ms)
			ResolveRequiredComponents (1ms)
	FinalizeReload (1272ms)
		ReleaseScriptCaches (0ms)
		RebuildScriptCaches (0ms)
		SetupLoadedEditorAssemblies (1134ms)
			LogAssemblyErrors (0ms)
			InitializePlatformSupportModulesInManaged (178ms)
			SetLoadedEditorAssemblies (16ms)
			BeforeProcessingInitializeOnLoad (253ms)
			ProcessInitializeOnLoadAttributes (463ms)
			ProcessInitializeOnLoadMethodAttributes (224ms)
			AfterProcessingInitializeOnLoad (0ms)
			EditorAssembliesLoaded (0ms)
		ExecutionOrderSort2 (0ms)
		AwakeInstancesAfterBackupRestoration (0ms)
========================================================================
Worker process is ready to serve import requests
Import Worker Mode flag is 0x00
Begin MonoManager ReloadAssembly
- Loaded All Assemblies, in  1.983 seconds
Refreshing native plugins compatible for Editor in 2.69 ms, found 1 plugins.
Native extension for LinuxStandalone target not found
Native extension for WebGL target not found
Package Manager log level set to [2]
[Package Manager] Failed to launch server process. Reason: Unity was launched with the -noUpm command-line argument
[Package Manager] Unable to send message (not connected to server process).
[Package Manager] Cannot connect to Unity Package Manager local server
Mono: successfully reloaded assembly
[Package Manager] Failed to launch server process. Reason: Unity was launched with the -noUpm command-line argument
[Package Manager] Unable to send message (not connected to server process).
[Package Manager] Cannot connect to Unity Package Manager local server
[Package Manager] Failed to launch server process. Reason: Unity was launched with the -noUpm command-line argument
[Package Manager] Unable to send message (not connected to server process).
[Package Manager] Cannot connect to Unity Package Manager local server
- Finished resetting the current domain, in  2.038 seconds
Domain Reload Profiling: 4018ms
	BeginReloadAssembly (363ms)
		ExecutionOrderSort (0ms)
		DisableScriptedObjects (16ms)
		BackupInstance (0ms)
		ReleaseScriptingObjects (0ms)
		CreateAndSetChildDomain (99ms)
	RebuildCommonClasses (114ms)
	RebuildNativeTypeToScriptingClass (24ms)
	initialDomainReloadingComplete (99ms)
	LoadAllAssembliesAndSetupDomain (1378ms)
		LoadAssemblies (678ms)
		RebuildTransferFunctionScriptingTraits (0ms)
		AnalyzeDomain (845ms)
			TypeCache.Refresh (660ms)
				TypeCache.ScanAssembly (602ms)
			BuildScriptInfoCaches (156ms)
			ResolveRequiredComponents (23ms)
	FinalizeReload (2040ms)
		ReleaseScriptCaches (0ms)
		RebuildScriptCaches (0ms)
		SetupLoadedEditorAssemblies (1621ms)
			LogAssemblyErrors (0ms)
			InitializePlatformSupportModulesInManaged (6ms)
			SetLoadedEditorAssemblies (14ms)
			BeforeProcessingInitializeOnLoad (394ms)
			ProcessInitializeOnLoadAttributes (1108ms)
			ProcessInitializeOnLoadMethodAttributes (92ms)
			AfterProcessingInitializeOnLoad (5ms)
			EditorAssembliesLoaded (0ms)
		ExecutionOrderSort2 (0ms)
		AwakeInstancesAfterBackupRestoration (7ms)
WARNING: Shader Unsupported: 'Hidden/Simulation/URP/Synthetic' - All subshaders removed
WARNING: Shader Did you use #pragma only_renderers and omit this platform?
WARNING: Shader If subshaders removal was intentional, you may have forgotten turning Fallback off?
WARNING: Shader Unsupported: 'Hidden/Simulation/URP/Synthetic' - All subshaders removed
WARNING: Shader Did you use #pragma only_renderers and omit this platform?
WARNING: Shader If subshaders removal was intentional, you may have forgotten turning Fallback off?
WARNING: Shader Unsupported: 'Hidden/Simulation/Synthetic Lit' - All subshaders removed
WARNING: Shader Did you use #pragma only_renderers and omit this platform?
WARNING: Shader If subshaders removal was intentional, you may have forgotten turning Fallback off?
WARNING: Shader Unsupported: 'Hidden/Simulation/Synthetic Lit' - All subshaders removed
WARNING: Shader Did you use #pragma only_renderers and omit this platform?
WARNING: Shader If subshaders removal was intentional, you may have forgotten turning Fallback off?
WARNING: Shader Unsupported: 'Simulation/URP/Room X-Ray' - All subshaders removed
WARNING: Shader Did you use #pragma only_renderers and omit this platform?
WARNING: Shader If subshaders removal was intentional, you may have forgotten turning Fallback off?
WARNING: Shader Unsupported: 'Simulation/URP/Room X-Ray' - All subshaders removed
WARNING: Shader Did you use #pragma only_renderers and omit this platform?
WARNING: Shader If subshaders removal was intentional, you may have forgotten turning Fallback off?
WARNING: Shader Unsupported: 'Simulation/URP/Lit' - All subshaders removed
WARNING: Shader Did you use #pragma only_renderers and omit this platform?
WARNING: Shader If subshaders removal was intentional, you may have forgotten turning Fallback off?
WARNING: Shader Unsupported: 'Simulation/URP/Lit' - All subshaders removed
WARNING: Shader Did you use #pragma only_renderers and omit this platform?
WARNING: Shader If subshaders removal was intentional, you may have forgotten turning Fallback off?
WARNING: Shader Unsupported: 'Simulation/Standard Lit' - All subshaders removed
WARNING: Shader Did you use #pragma only_renderers and omit this platform?
WARNING: Shader If subshaders removal was intentional, you may have forgotten turning Fallback off?
WARNING: Shader Unsupported: 'Simulation/Standard Lit' - All subshaders removed
WARNING: Shader Did you use #pragma only_renderers and omit this platform?
WARNING: Shader If subshaders removal was intentional, you may have forgotten turning Fallback off?
WARNING: Shader Unsupported: 'Simulation/Room X-Ray' - All subshaders removed
WARNING: Shader Did you use #pragma only_renderers and omit this platform?
WARNING: Shader If subshaders removal was intentional, you may have forgotten turning Fallback off?
WARNING: Shader Unsupported: 'Simulation/Room X-Ray' - All subshaders removed
WARNING: Shader Did you use #pragma only_renderers and omit this platform?
WARNING: Shader If subshaders removal was intentional, you may have forgotten turning Fallback off?
AutoLocale: current locale expects 'C' but got 'en_US.UTF-8'Launched and connected shader compiler UnityShaderCompiler after 0.02 seconds
Refreshing native plugins compatible for Editor in 2.93 ms, found 1 plugins.
Preloading 0 native plugins for Editor in 0.00 ms.
Unloading 30 Unused Serialized files (Serialized files now loaded: 0)
Unloading 4820 unused Assets / (4.7 MB). Loaded Objects now: 5328.
Memory consumption went from 89.1 MB to 84.4 MB.
Total: 32.589767 ms (FindLiveObjects: 2.034521 ms CreateObjectMapping: 2.643762 ms MarkObjects: 18.095043 ms  DeleteObjects: 9.805290 ms)

========================================================================
Received Import Request.
  Time since last request: 4638.907858 seconds.
  path: Assets/App/Art/Elements/019-Potassium.png
  artifactKey: Guid(7613ae18e8de14ee3a1098c3cd1ec6b2) Importer(815301076,1909f56bfc062723c751e8b465ee728b)
Start importing Assets/App/Art/Elements/019-Potassium.png using Guid(7613ae18e8de14ee3a1098c3cd1ec6b2) Importer(815301076,1909f56bfc062723c751e8b465ee728b) (PreviewImporter) -> (artifact id: 'd206e6922576952b28d9cb11fe2b6b25') in 0.21191476 seconds
Number of updated asset objects reloaded before import = 0Number of asset objects unloaded after import = 2

========================================================================
Received Import Request.
  Time since last request: 0.000132 seconds.
  path: Assets/App/Art/Elements/006-Carbon.png
  artifactKey: Guid(28e23347c5516499a947ad9356ca4947) Importer(815301076,1909f56bfc062723c751e8b465ee728b)
Start importing Assets/App/Art/Elements/006-Carbon.png using Guid(28e23347c5516499a947ad9356ca4947) Importer(815301076,1909f56bfc062723c751e8b465ee728b) (PreviewImporter) -> (artifact id: '8dbcd7eb91dfc7b9c21c59882e7cee1d') in 0.009894475 seconds
Number of updated asset objects reloaded before import = 0Number of asset objects unloaded after import = 2

========================================================================
Received Import Request.
  Time since last request: 0.000136 seconds.
  path: Assets/App/Art/Elements/025-Manganese.png
  artifactKey: Guid(7884dbac1c4a2423a82a85484417cdb1) Importer(815301076,1909f56bfc062723c751e8b465ee728b)
Start importing Assets/App/Art/Elements/025-Manganese.png using Guid(7884dbac1c4a2423a82a85484417cdb1) Importer(815301076,1909f56bfc062723c751e8b465ee728b) (PreviewImporter) -> (artifact id: 'e44dd2cee3771ea6fa1e45f31360162f') in 0.017152398 seconds
Number of updated asset objects reloaded before import = 0Number of asset objects unloaded after import = 2

========================================================================
Received Import Request.
  Time since last request: 0.001456 seconds.
  path: Assets/App/Art/Elements/036-Krypton.png
  artifactKey: Guid(2f1071351504140edb3b2e8653479400) Importer(815301076,1909f56bfc062723c751e8b465ee728b)
Start importing Assets/App/Art/Elements/036-Krypton.png using Guid(2f1071351504140edb3b2e8653479400) Importer(815301076,1909f56bfc062723c751e8b465ee728b) (PreviewImporter) -> (artifact id: '0e06c99b454dba196cdd65397bca56d7') in 0.011082671 seconds
Number of updated asset objects reloaded before import = 0Number of asset objects unloaded after import = 2

========================================================================
Received Import Request.
  Time since last request: 0.000019 seconds.
  path: Assets/App/Art/Elements/022-Titanium.png
  artifactKey: Guid(8a42cc0995b464dcab7b350633ede8b6) Importer(815301076,1909f56bfc062723c751e8b465ee728b)
Start importing Assets/App/Art/Elements/022-Titanium.png using Guid(8a42cc0995b464dcab7b350633ede8b6) Importer(815301076,1909f56bfc062723c751e8b465ee728b) (PreviewImporter) -> (artifact id: 'baf699dd010a4da1c5ae31a63a56ebe7') in 0.014233122 seconds
Number of updated asset objects reloaded before import = 0Number of asset objects unloaded after import = 2

========================================================================
Received Import Request.
  Time since last request: 0.000545 seconds.
  path: Assets/App/Art/Elements/003-Lithium.png
  artifactKey: Guid(0ae2c7c419037412bbc14c0435654fce) Importer(815301076,1909f56bfc062723c751e8b465ee728b)
Start importing Assets/App/Art/Elements/003-Lithium.png using Guid(0ae2c7c419037412bbc14c0435654fce) Importer(815301076,1909f56bfc062723c751e8b465ee728b) (PreviewImporter) -> (artifact id: 'a36a845ff6572fc9bfdf5ab15bfd242c') in 0.01715865 seconds
Number of updated asset objects reloaded before import = 0Number of asset objects unloaded after import = 2

========================================================================
Received Import Request.
  Time since last request: 0.000957 seconds.
  path: Assets/App/Art/Elements/034-Selenium.png
  artifactKey: Guid(3246038ae2d4947abb0c2f9bf5dcd2cd) Importer(815301076,1909f56bfc062723c751e8b465ee728b)
Start importing Assets/App/Art/Elements/034-Selenium.png using Guid(3246038ae2d4947abb0c2f9bf5dcd2cd) Importer(815301076,1909f56bfc062723c751e8b465ee728b) (PreviewImporter) -> (artifact id: '5e986f2d591b751a573c33ad01b2ecb1') in 0.009248708 seconds
Number of updated asset objects reloaded before import = 0Number of asset objects unloaded after import = 2

========================================================================
Received Import Request.
  Time since last request: 15.318842 seconds.
  path: Assets/App/Prefabs/Elements/chlorine.prefab
  artifactKey: Guid(1cfc4573373e5437a9f6ec16ffff5b73) Importer(815301076,1909f56bfc062723c751e8b465ee728b)
Start importing Assets/App/Prefabs/Elements/chlorine.prefab using Guid(1cfc4573373e5437a9f6ec16ffff5b73) Importer(815301076,1909f56bfc062723c751e8b465ee728b) (PreviewImporter) -> (artifact id: '43326091480aa32043d8d68264352171') in 1.029462144 seconds
Number of updated asset objects reloaded before import = 0Number of asset objects unloaded after import = 166

========================================================================
Received Import Request.
  Time since last request: 0.000031 seconds.
  path: Assets/App/Prefabs/Elements/hydrogen.prefab
  artifactKey: Guid(40291cfede673f042a3e7c916595fb21) Importer(815301076,1909f56bfc062723c751e8b465ee728b)
Start importing Assets/App/Prefabs/Elements/hydrogen.prefab using Guid(40291cfede673f042a3e7c916595fb21) Importer(815301076,1909f56bfc062723c751e8b465ee728b) (PreviewImporter) -> (artifact id: 'a5dd07da3c9be41bc1d8fc36ee3f6f72') in 0.018159229 seconds
Number of updated asset objects reloaded before import = 0Number of asset objects unloaded after import = 30

========================================================================
Received Import Request.
  Time since last request: 0.000092 seconds.
  path: Assets/App/Prefabs/Elements/nitrogen.prefab
  artifactKey: Guid(cc186e7b96f27e44da877c92e8db7a7c) Importer(815301076,1909f56bfc062723c751e8b465ee728b)
Start importing Assets/App/Prefabs/Elements/nitrogen.prefab using Guid(cc186e7b96f27e44da877c92e8db7a7c) Importer(815301076,1909f56bfc062723c751e8b465ee728b) (PreviewImporter) -> (artifact id: 'fa9887bf2d97e4b9bdab2c768e3b1818') in 0.02179119 seconds
Number of updated asset objects reloaded before import = 0Number of asset objects unloaded after import = 82

========================================================================
Received Import Request.
  Time since last request: 0.000218 seconds.
  path: Assets/App/Prefabs/Elements/oxygen.prefab
  artifactKey: Guid(bb4ad6bf04e429c4ab842e5d66c0dd5f) Importer(815301076,1909f56bfc062723c751e8b465ee728b)
Start importing Assets/App/Prefabs/Elements/oxygen.prefab using Guid(bb4ad6bf04e429c4ab842e5d66c0dd5f) Importer(815301076,1909f56bfc062723c751e8b465ee728b) (PreviewImporter) -> (artifact id: '2863c15cdfe534ac11b448f70f1fafac') in 0.031578489 seconds
Number of updated asset objects reloaded before import = 0Number of asset objects unloaded after import = 134

========================================================================
Received Import Request.
  Time since last request: 0.000037 seconds.
  path: Assets/App/Prefabs/Elements/phosphorus.prefab
  artifactKey: Guid(5ff9929be50197a4bba0c050fc0da48c) Importer(815301076,1909f56bfc062723c751e8b465ee728b)
Start importing Assets/App/Prefabs/Elements/phosphorus.prefab using Guid(5ff9929be50197a4bba0c050fc0da48c) Importer(815301076,1909f56bfc062723c751e8b465ee728b) (PreviewImporter) -> (artifact id: '923ab3164c3a73e469db11130a3c414f') in 0.027305245 seconds
Number of updated asset objects reloaded before import = 0Number of asset objects unloaded after import = 150

========================================================================
Received Import Request.
  Time since last request: 24.809398 seconds.
  path: Assets/App/Art/Elements/042-Molybdenum.png
  artifactKey: Guid(eec3abfedc2f8456b94ce50de38e5ea3) Importer(815301076,1909f56bfc062723c751e8b465ee728b)
Start importing Assets/App/Art/Elements/042-Molybdenum.png using Guid(eec3abfedc2f8456b94ce50de38e5ea3) Importer(815301076,1909f56bfc062723c751e8b465ee728b) (PreviewImporter) -> (artifact id: '147e7d879c9902ce697f416b3750a5b7') in 0.005822951 seconds
Number of updated asset objects reloaded before import = 0Number of asset objects unloaded after import = 2

========================================================================
Received Import Request.
  Time since last request: 0.000216 seconds.
  path: Assets/App/Art/Elements/043-Technetium.png
  artifactKey: Guid(49dc4d49377434c8392e64b97ea14db7) Importer(815301076,1909f56bfc062723c751e8b465ee728b)
Start importing Assets/App/Art/Elements/043-Technetium.png using Guid(49dc4d49377434c8392e64b97ea14db7) Importer(815301076,1909f56bfc062723c751e8b465ee728b) (PreviewImporter) -> (artifact id: '31d35a309b358026057b67e57941e705') in 0.018619617 seconds
Number of updated asset objects reloaded before import = 0Number of asset objects unloaded after import = 2

========================================================================
Received Import Request.
  Time since last request: 0.001140 seconds.
  path: Assets/App/Art/Elements/045-Rhodium.png
  artifactKey: Guid(037b769b39be740429c6bb76b43bcb1c) Importer(815301076,1909f56bfc062723c751e8b465ee728b)
Start importing Assets/App/Art/Elements/045-Rhodium.png using Guid(037b769b39be740429c6bb76b43bcb1c) Importer(815301076,1909f56bfc062723c751e8b465ee728b) (PreviewImporter) -> (artifact id: 'e62f566caeb610c9c91d4c5ea87968b0') in 0.013984864 seconds
Number of updated asset objects reloaded before import = 0Number of asset objects unloaded after import = 2

========================================================================
Received Import Request.
  Time since last request: 0.507935 seconds.
  path: Assets/App/Art/Elements/050-Tin.png
  artifactKey: Guid(0fd671d5626ac47dbb42caf76e3b5e38) Importer(815301076,1909f56bfc062723c751e8b465ee728b)
Start importing Assets/App/Art/Elements/050-Tin.png using Guid(0fd671d5626ac47dbb42caf76e3b5e38) Importer(815301076,1909f56bfc062723c751e8b465ee728b) (PreviewImporter) -> (artifact id: 'd3ae5c037602787e8492984cdbcc45ed') in 0.010491104 seconds
Number of updated asset objects reloaded before import = 0Number of asset objects unloaded after import = 2

========================================================================
Received Import Request.
  Time since last request: 0.000047 seconds.
  path: Assets/App/Art/Elements/054-Xenon.png
  artifactKey: Guid(b70fbf3b6d0b84abebdb2bab9e5c02a9) Importer(815301076,1909f56bfc062723c751e8b465ee728b)
Start importing Assets/App/Art/Elements/054-Xenon.png using Guid(b70fbf3b6d0b84abebdb2bab9e5c02a9) Importer(815301076,1909f56bfc062723c751e8b465ee728b) (PreviewImporter) -> (artifact id: 'e8711a7bb10b2b76b8344841bb93ad8e') in 0.013415401 seconds
Number of updated asset objects reloaded before import = 0Number of asset objects unloaded after import = 2

========================================================================
Received Import Request.
  Time since last request: 0.000625 seconds.
  path: Assets/App/Art/Elements/052-Tellurium.png
  artifactKey: Guid(d47c21a095e054ebd9394559fedbaf70) Importer(815301076,1909f56bfc062723c751e8b465ee728b)
Start importing Assets/App/Art/Elements/052-Tellurium.png using Guid(d47c21a095e054ebd9394559fedbaf70) Importer(815301076,1909f56bfc062723c751e8b465ee728b) (PreviewImporter) -> (artifact id: '0e0bd22314ef13eed500d4bcafcc2377') in 0.009373111 seconds
Number of updated asset objects reloaded before import = 0Number of asset objects unloaded after import = 2

========================================================================
Received Import Request.
  Time since last request: 0.026143 seconds.
  path: Assets/App/Art/Elements/057-Lanthanum.png
  artifactKey: Guid(32ca9ede8448d43038f8ff1bb4dafe43) Importer(815301076,1909f56bfc062723c751e8b465ee728b)
Start importing Assets/App/Art/Elements/057-Lanthanum.png using Guid(32ca9ede8448d43038f8ff1bb4dafe43) Importer(815301076,1909f56bfc062723c751e8b465ee728b) (PreviewImporter) -> (artifact id: '6e5ccb1ac9b6cf85481c625d98d5b400') in 0.021104992 seconds
Number of updated asset objects reloaded before import = 0Number of asset objects unloaded after import = 2

========================================================================
Received Import Request.
  Time since last request: 0.000081 seconds.
  path: Assets/App/Art/Elements/061-Promethium.png
  artifactKey: Guid(2ad9630fe638245148090203108ffbf2) Importer(815301076,1909f56bfc062723c751e8b465ee728b)
Start importing Assets/App/Art/Elements/061-Promethium.png using Guid(2ad9630fe638245148090203108ffbf2) Importer(815301076,1909f56bfc062723c751e8b465ee728b) (PreviewImporter) -> (artifact id: 'b2f31621591f1f2415fb05061582c251') in 0.010598645 seconds
Number of updated asset objects reloaded before import = 0Number of asset objects unloaded after import = 2

========================================================================
Received Import Request.
  Time since last request: 0.504298 seconds.
  path: Assets/App/Art/Elements/065-Terbium.png
  artifactKey: Guid(662e7f6fdde314dd184baf2176b2944a) Importer(815301076,1909f56bfc062723c751e8b465ee728b)
Start importing Assets/App/Art/Elements/065-Terbium.png using Guid(662e7f6fdde314dd184baf2176b2944a) Importer(815301076,1909f56bfc062723c751e8b465ee728b) (PreviewImporter) -> (artifact id: 'fcbcbae13a11c035be2cc08be8f51ccf') in 0.014754526 seconds
Number of updated asset objects reloaded before import = 0Number of asset objects unloaded after import = 2

========================================================================
Received Import Request.
  Time since last request: 0.000022 seconds.
  path: Assets/App/Art/Elements/070-Ytterbium.png
  artifactKey: Guid(dc40438249e3048f5a3f6f63fe68028e) Importer(815301076,1909f56bfc062723c751e8b465ee728b)
Start importing Assets/App/Art/Elements/070-Ytterbium.png using Guid(dc40438249e3048f5a3f6f63fe68028e) Importer(815301076,1909f56bfc062723c751e8b465ee728b) (PreviewImporter) -> (artifact id: '9e207d3b8c000cbb585a727b103e7300') in 0.011485865 seconds
Number of updated asset objects reloaded before import = 0Number of asset objects unloaded after import = 2

========================================================================
Received Import Request.
  Time since last request: 0.000534 seconds.
  path: Assets/App/Art/Elements/069-Thulium.png
  artifactKey: Guid(d2854334df4a0453d9af957e829ade3a) Importer(815301076,1909f56bfc062723c751e8b465ee728b)
Start importing Assets/App/Art/Elements/069-Thulium.png using Guid(d2854334df4a0453d9af957e829ade3a) Importer(815301076,1909f56bfc062723c751e8b465ee728b) (PreviewImporter) -> (artifact id: 'e9af542e7c7555d6536382356c032811') in 0.00959954 seconds
Number of updated asset objects reloaded before import = 0Number of asset objects unloaded after import = 2

========================================================================
Received Import Request.
  Time since last request: 0.022605 seconds.
  path: Assets/App/Art/Elements/073-Tantalum.png
  artifactKey: Guid(91b9a2ceb972744d7a719f963a20b6ae) Importer(815301076,1909f56bfc062723c751e8b465ee728b)
Start importing Assets/App/Art/Elements/073-Tantalum.png using Guid(91b9a2ceb972744d7a719f963a20b6ae) Importer(815301076,1909f56bfc062723c751e8b465ee728b) (PreviewImporter) -> (artifact id: 'aca2860a6cb2d930f1ad82e8e4b57e87') in 0.006638096 seconds
Number of updated asset objects reloaded before import = 0Number of asset objects unloaded after import = 2

========================================================================
Received Import Request.
  Time since last request: 0.001125 seconds.
  path: Assets/App/Art/Elements/075-Rhenium.png
  artifactKey: Guid(1323456417698405bb0aca8910962f7b) Importer(815301076,1909f56bfc062723c751e8b465ee728b)
Start importing Assets/App/Art/Elements/075-Rhenium.png using Guid(1323456417698405bb0aca8910962f7b) Importer(815301076,1909f56bfc062723c751e8b465ee728b) (PreviewImporter) -> (artifact id: 'a58fedcc83fb1c9543f987af873cbb1f') in 0.015665666 seconds
Number of updated asset objects reloaded before import = 0Number of asset objects unloaded after import = 2

========================================================================
Received Import Request.
  Time since last request: 0.374883 seconds.
  path: Assets/App/Art/Elements/081-Thallium.png
  artifactKey: Guid(e13093ecd619440c0856ff60efdf9c6d) Importer(815301076,1909f56bfc062723c751e8b465ee728b)
Start importing Assets/App/Art/Elements/081-Thallium.png using Guid(e13093ecd619440c0856ff60efdf9c6d) Importer(815301076,1909f56bfc062723c751e8b465ee728b) (PreviewImporter) -> (artifact id: '34a077ffe6469a806c131b5aa82c28b5') in 0.012909693 seconds
Number of updated asset objects reloaded before import = 0Number of asset objects unloaded after import = 2

========================================================================
Received Import Request.
  Time since last request: 0.000043 seconds.
  path: Assets/App/Art/Elements/084-Polonium.png
  artifactKey: Guid(bb5d10bc1461549a79f7bedf42aba274) Importer(815301076,1909f56bfc062723c751e8b465ee728b)
Start importing Assets/App/Art/Elements/084-Polonium.png using Guid(bb5d10bc1461549a79f7bedf42aba274) Importer(815301076,1909f56bfc062723c751e8b465ee728b) (PreviewImporter) -> (artifact id: '03b44729dc40774a4a6d48c4fdda3059') in 0.009513869 seconds
Number of updated asset objects reloaded before import = 0Number of asset objects unloaded after import = 2

========================================================================
Received Import Request.
  Time since last request: 0.019301 seconds.
  path: Assets/App/Art/Elements/089-103-Actinoids.png
  artifactKey: Guid(0b2508422fcd14a09bf6c975daecfbfb) Importer(815301076,1909f56bfc062723c751e8b465ee728b)
Start importing Assets/App/Art/Elements/089-103-Actinoids.png using Guid(0b2508422fcd14a09bf6c975daecfbfb) Importer(815301076,1909f56bfc062723c751e8b465ee728b) (PreviewImporter) -> (artifact id: '3dd5b50c32f2260c386a32a0a770d3b6') in 0.009293737 seconds
Number of updated asset objects reloaded before import = 0Number of asset objects unloaded after import = 2

========================================================================
Received Import Request.
  Time since last request: 0.000043 seconds.
  path: Assets/App/Art/Elements/092-Uranium.png
  artifactKey: Guid(1c00b12d727234e92bf0513f073b2b6b) Importer(815301076,1909f56bfc062723c751e8b465ee728b)
Start importing Assets/App/Art/Elements/092-Uranium.png using Guid(1c00b12d727234e92bf0513f073b2b6b) Importer(815301076,1909f56bfc062723c751e8b465ee728b) (PreviewImporter) -> (artifact id: 'b28539e72f56d98438970c214366050d') in 0.014930526 seconds
Number of updated asset objects reloaded before import = 0Number of asset objects unloaded after import = 2

========================================================================
Received Import Request.
  Time since last request: 0.000058 seconds.
  path: Assets/App/Art/Elements/091-Protactinium.png
  artifactKey: Guid(646b4aa71ea364f9fa42cf07deaed8aa) Importer(815301076,1909f56bfc062723c751e8b465ee728b)
Start importing Assets/App/Art/Elements/091-Protactinium.png using Guid(646b4aa71ea364f9fa42cf07deaed8aa) Importer(815301076,1909f56bfc062723c751e8b465ee728b) (PreviewImporter) -> (artifact id: 'bba4ce6d10b852a81476b2ab164011e1') in 0.009151609 seconds
Number of updated asset objects reloaded before import = 0Number of asset objects unloaded after import = 2

========================================================================
Received Import Request.
  Time since last request: 0.039741 seconds.
  path: Assets/App/Art/Elements/096-Cerium.png
  artifactKey: Guid(1cd0bac6a41ec4eaaa52ac9fee1b7323) Importer(815301076,1909f56bfc062723c751e8b465ee728b)
Start importing Assets/App/Art/Elements/096-Cerium.png using Guid(1cd0bac6a41ec4eaaa52ac9fee1b7323) Importer(815301076,1909f56bfc062723c751e8b465ee728b) (PreviewImporter) -> (artifact id: '7bf9ed76698e76d0fa5f2b769d283fe3') in 0.018426948 seconds
Number of updated asset objects reloaded before import = 0Number of asset objects unloaded after import = 2

========================================================================
Received Import Request.
  Time since last request: 0.000440 seconds.
  path: Assets/App/Art/Elements/100-Fermium.png
  artifactKey: Guid(1f1d27cf52ec14933b605d3d011702a9) Importer(815301076,1909f56bfc062723c751e8b465ee728b)
Start importing Assets/App/Art/Elements/100-Fermium.png using Guid(1f1d27cf52ec14933b605d3d011702a9) Importer(815301076,1909f56bfc062723c751e8b465ee728b) (PreviewImporter) -> (artifact id: 'a70cccaae290e989d945c18b9709bf83') in 0.016070327 seconds
Number of updated asset objects reloaded before import = 0Number of asset objects unloaded after import = 2

========================================================================
Received Import Request.
  Time since last request: 0.000061 seconds.
  path: Assets/App/Art/Elements/098-Californium.png
  artifactKey: Guid(68756c7ebf3a840adba3875585a7b8b3) Importer(815301076,1909f56bfc062723c751e8b465ee728b)
Start importing Assets/App/Art/Elements/098-Californium.png using Guid(68756c7ebf3a840adba3875585a7b8b3) Importer(815301076,1909f56bfc062723c751e8b465ee728b) (PreviewImporter) -> (artifact id: '3a27290f89b9cee5ee7549c36126376f') in 0.008509859 seconds
Number of updated asset objects reloaded before import = 0Number of asset objects unloaded after import = 2

========================================================================
Received Import Request.
  Time since last request: 0.256727 seconds.
  path: Assets/App/Art/Elements/104-Rutherfordium.png
  artifactKey: Guid(df5c4ef9995324868b911fbd6df419a7) Importer(815301076,1909f56bfc062723c751e8b465ee728b)
Start importing Assets/App/Art/Elements/104-Rutherfordium.png using Guid(df5c4ef9995324868b911fbd6df419a7) Importer(815301076,1909f56bfc062723c751e8b465ee728b) (PreviewImporter) -> (artifact id: '40cb314682a5b2793e32b226667fbc3e') in 0.013738314 seconds
Number of updated asset objects reloaded before import = 0Number of asset objects unloaded after import = 2

========================================================================
Received Import Request.
  Time since last request: 0.000280 seconds.
  path: Assets/App/Art/Elements/105-Dubnium.png
  artifactKey: Guid(6d522a7e6ef734db7b203d7b6e33a487) Importer(815301076,1909f56bfc062723c751e8b465ee728b)
Start importing Assets/App/Art/Elements/105-Dubnium.png using Guid(6d522a7e6ef734db7b203d7b6e33a487) Importer(815301076,1909f56bfc062723c751e8b465ee728b) (PreviewImporter) -> (artifact id: '977a7e334ce9feba8631cf4e011644b6') in 0.015109918 seconds
Number of updated asset objects reloaded before import = 0Number of asset objects unloaded after import = 2

========================================================================
Received Import Request.
  Time since last request: 0.000057 seconds.
  path: Assets/App/Art/Elements/107-Bohrium.png
  artifactKey: Guid(543ebf567f98244aab26ff4e38d55f4a) Importer(815301076,1909f56bfc062723c751e8b465ee728b)
Start importing Assets/App/Art/Elements/107-Bohrium.png using Guid(543ebf567f98244aab26ff4e38d55f4a) Importer(815301076,1909f56bfc062723c751e8b465ee728b) (PreviewImporter) -> (artifact id: '0f2de66b610a9ac5852a84db803c9278') in 0.018245209 seconds
Number of updated asset objects reloaded before import = 0Number of asset objects unloaded after import = 2

========================================================================
Received Import Request.
  Time since last request: 0.006122 seconds.
  path: Assets/App/Art/Elements/112-Copernicium.png
  artifactKey: Guid(9da159ba33bf4462fad351355fc29ebf) Importer(815301076,1909f56bfc062723c751e8b465ee728b)
Start importing Assets/App/Art/Elements/112-Copernicium.png using Guid(9da159ba33bf4462fad351355fc29ebf) Importer(815301076,1909f56bfc062723c751e8b465ee728b) (PreviewImporter) -> (artifact id: '0ebae1e4397c0eb53eb7e737b9ec194e') in 0.01740461 seconds
Number of updated asset objects reloaded before import = 0Number of asset objects unloaded after import = 2

========================================================================
Received Import Request.
  Time since last request: 0.000076 seconds.
  path: Assets/App/Art/Elements/117-Tennessine.png
  artifactKey: Guid(17209215f43ab472db039b7ea8252887) Importer(815301076,1909f56bfc062723c751e8b465ee728b)
Start importing Assets/App/Art/Elements/117-Tennessine.png using Guid(17209215f43ab472db039b7ea8252887) Importer(815301076,1909f56bfc062723c751e8b465ee728b) (PreviewImporter) -> (artifact id: '3f9b3711a4e772ca59c58729929a9e07') in 0.01742884 seconds
Number of updated asset objects reloaded before import = 0Number of asset objects unloaded after import = 2

========================================================================
Received Import Request.
  Time since last request: 3.608229 seconds.
  path: Assets/App/Materials/Elements/chlorine.mat
  artifactKey: Guid(d032f8f3ed90b49709140c587f5a21b7) Importer(815301076,1909f56bfc062723c751e8b465ee728b)
Start importing Assets/App/Materials/Elements/chlorine.mat using Guid(d032f8f3ed90b49709140c587f5a21b7) Importer(815301076,1909f56bfc062723c751e8b465ee728b) (PreviewImporter) -> (artifact id: 'bdd142658be2c83b85ac0149c43db73f') in 0.056108961 seconds
Number of updated asset objects reloaded before import = 0Number of asset objects unloaded after import = 1

Editor requested this worker to shutdown with reason: Scaling down because of idle timeout
AssetImportWorker is now disconnected from the server
Process exiting

SDL leaked 2 allocations
Internal: Possible leak. All render target surfaces should be removed from IdMap when destructed using RenderTargetMap::Remove(RenderSurfaceBase* rs).
